<?xml version="1.0" encoding="UTF-8"?>
<!-- Generated by org.testng.reporters.JUnitXMLReporter -->
<testsuite ignored="0" hostname="Silya" failures="0" tests="9" name="Default test" time="0.045" errors="0" timestamp="2022-12-08T14:38:27 EST">
  <testcase classname="multiple.TestCaseForMyData" name="launchBrowser" time="0.004"/>
  <testcase classname="multiple.TestCaseForMyData" name="launchBrowser" time="0.001"/>
  <testcase classname="multiple.TestCaseForMyData" name="launchBrowser" time="0.0"/>
  <testcase classname="multiple.TestCaseForMyData" name="login" time="0.0"/>
  <testcase classname="multiple.TestCaseForMyData" name="login" time="0.002"/>
  <testcase classname="multiple.TestCaseForMyData" name="login" time="0.0"/>
  <testcase classname="multiple.TestCaseForMyData" name="logout" time="0.0"/>
  <testcase classname="multiple.TestCaseForMyData" name="logout" time="0.0"/>
  <testcase classname="multiple.TestCaseForMyData" name="logout" time="0.001"/>
</testsuite> <!-- Default test -->
