<?xml version="1.0" encoding="UTF-8"?>
<!-- Generated by org.testng.reporters.JUnitXMLReporter -->
<testsuite ignored="5" hostname="Silya" failures="0" tests="1" name="Test" time="0.053" errors="0" timestamp="2022-12-08T16:40:16 EST">
  <testcase classname="groups_in_TestNG.Groups_Concepts" name="testCase6" time="0.01"/>
  <testcase classname="groups_in_TestNG.Groups_Concepts" name="testCase1" time="0.0">
    <ignored/>
  </testcase> <!-- testCase1 -->
  <testcase classname="groups_in_TestNG.Groups_Concepts" name="testCase4" time="0.0">
    <ignored/>
  </testcase> <!-- testCase4 -->
  <testcase classname="groups_in_TestNG.Groups_Concepts" name="testCase2" time="0.0">
    <ignored/>
  </testcase> <!-- testCase2 -->
  <testcase classname="groups_in_TestNG.Groups_Concepts" name="testCase5" time="0.0">
    <ignored/>
  </testcase> <!-- testCase5 -->
  <testcase classname="groups_in_TestNG.Groups_Concepts" name="testCase3" time="0.0">
    <ignored/>
  </testcase> <!-- testCase3 -->
</testsuite> <!-- Test -->
