<?xml version="1.0" encoding="UTF-8"?>
<!-- Generated by org.testng.reporters.JUnitXMLReporter -->
<testsuite hostname="Silya" ignored="0" name="Test" tests="3" failures="0" timestamp="12 Dec 2022 17:20:56 GMT" time="0.031" errors="0">
  <testcase name="homeTestprod" time="0.008" classname="prod_environment.Home"/>
  <testcase name="logoutTestprod" time="0.0" classname="prod_environment.Logout"/>
  <testcase name="loginTestprod" time="0.0" classname="prod_environment.Login"/>
</testsuite> <!-- Test -->
