<?xml version="1.0" encoding="UTF-8"?>
<!-- Generated by org.testng.reporters.JUnitXMLReporter -->
<testsuite ignored="0" hostname="Silya" failures="0" tests="3" name="Test" time="0.012" errors="0" timestamp="2022-12-10T23:36:33 EST">
  <testcase classname="uat_environement.Home" name="homeTestuat" time="0.002"/>
  <testcase classname="uat_environement.Logout" name="logoutTestuat" time="0.002"/>
  <testcase classname="uat_environement.Login" name="loginTestuat" time="0.001"/>
</testsuite> <!-- Test -->
