<?xml version="1.0" encoding="UTF-8"?>
<!-- Generated by org.testng.reporters.JUnitXMLReporter -->
<testsuite ignored="0" hostname="Silya" failures="0" tests="3" name="Test" time="0.075" errors="0" timestamp="2022-12-10T23:36:33 EST">
  <testcase classname="prod_environment.Home" name="homeTestprod" time="0.017"/>
  <testcase classname="prod_environment.Logout" name="logoutTestprod" time="0.003"/>
  <testcase classname="prod_environment.Login" name="loginTestprod" time="0.002"/>
</testsuite> <!-- Test -->
