<?xml version="1.0" encoding="UTF-8"?>
<!-- Generated by org.testng.reporters.JUnitXMLReporter -->
<testsuite hostname="Silya" ignored="0" name="Test" tests="3" failures="0" timestamp="12 Dec 2022 17:20:56 GMT" time="0.003" errors="0">
  <testcase name="homeTestuat" time="0.0" classname="uat_environement.Home"/>
  <testcase name="logoutTestuat" time="0.0" classname="uat_environement.Logout"/>
  <testcase name="loginTestuat" time="0.001" classname="uat_environement.Login"/>
</testsuite> <!-- Test -->
